16:57:17 [restartedMain] [INFO ] c.example.demo.ApiserverApplication[line: 55] - Starting ApiserverApplication using Java 11.0.13 on DESKTOP-R60F8GN with PID 25652 (D:\neighbor\apiserver\bin\main started by USER in D:\neighbor\apiserver)
16:57:17 [restartedMain] [DEBUG] c.example.demo.ApiserverApplication[line: 56] - Running with Spring Boot v2.6.6, Spring v5.3.18
16:57:17 [restartedMain] [INFO ] c.example.demo.ApiserverApplication[line: 640] - No active profile set, falling back to 1 default profile: "default"
16:57:17 [restartedMain] [INFO ] o.s.b.d.e.DevToolsPropertyDefaultsPostProcessor[line: 255] - Devtools property defaults active! Set 'spring.devtools.add-properties' to 'false' to disable
16:57:17 [restartedMain] [INFO ] o.s.b.d.e.DevToolsPropertyDefaultsPostProcessor[line: 255] - For additional web related logging consider setting the 'logging.level.web' property to 'DEBUG'
16:57:21 [restartedMain] [INFO ] o.s.b.w.e.tomcat.TomcatWebServer[line: 108] - Tomcat initialized with port(s): 8446 (https)
16:57:21 [restartedMain] [INFO ] o.a.coyote.http11.Http11NioProtocol[line: 173] - Initializing ProtocolHandler ["https-jsse-nio-8446"]
16:57:21 [restartedMain] [INFO ] o.a.catalina.core.StandardService[line: 173] - Starting service [Tomcat]
16:57:21 [restartedMain] [INFO ] o.a.catalina.core.StandardEngine[line: 173] - Starting Servlet engine: [Apache Tomcat/9.0.60]
16:57:23 [restartedMain] [INFO ] o.a.c.c.C.[Tomcat].[localhost].[/][line: 173] - Initializing Spring embedded WebApplicationContext
16:57:23 [restartedMain] [INFO ] o.s.b.w.s.c.ServletWebServerApplicationContext[line: 290] - Root WebApplicationContext: initialization completed in 5389 ms
16:57:27 [restartedMain] [INFO ] o.s.b.d.a.OptionalLiveReloadServer[line: 58] - LiveReload server is running on port 35729
16:57:27 [restartedMain] [INFO ] o.a.coyote.http11.Http11NioProtocol[line: 173] - Starting ProtocolHandler ["https-jsse-nio-8446"]
16:57:29 [restartedMain] [INFO ] o.s.b.w.e.tomcat.TomcatWebServer[line: 220] - Tomcat started on port(s): 8446 (https) with context path ''
16:57:29 [restartedMain] [INFO ] c.example.demo.ApiserverApplication[line: 61] - Started ApiserverApplication in 13.246 seconds (JVM running for 17.677)
16:57:42 [https-jsse-nio-8446-exec-3] [INFO ] o.a.c.c.C.[Tomcat].[localhost].[/][line: 173] - Initializing Spring DispatcherServlet 'dispatcherServlet'
16:57:42 [https-jsse-nio-8446-exec-3] [INFO ] o.s.web.servlet.DispatcherServlet[line: 525] - Initializing Servlet 'dispatcherServlet'
16:57:42 [https-jsse-nio-8446-exec-3] [INFO ] o.s.web.servlet.DispatcherServlet[line: 547] - Completed initialization in 2 ms
16:58:58 [https-jsse-nio-8446-exec-5] [INFO ] com.zaxxer.hikari.HikariDataSource[line: 110] - HikariPool-1 - Starting...
16:58:58 [https-jsse-nio-8446-exec-5] [INFO ] com.zaxxer.hikari.HikariDataSource[line: 123] - HikariPool-1 - Start completed.
16:58:58 [https-jsse-nio-8446-exec-5] [DEBUG] c.e.d.b.m.BoardMapper.selectBoard[line: 137] - ==>  Preparing: select * from board where board_deleted = 'N'
16:58:58 [https-jsse-nio-8446-exec-5] [DEBUG] c.e.d.b.m.BoardMapper.selectBoard[line: 137] - ==> Parameters: 
16:58:59 [https-jsse-nio-8446-exec-5] [DEBUG] c.e.d.b.m.BoardMapper.selectBoard[line: 137] - <==      Total: 20
16:59:03 [https-jsse-nio-8446-exec-10] [DEBUG] c.e.d.b.m.B.selectBoardDetail[line: 137] - ==>  Preparing: select * from board where board_no = 76 and board_deleted = 'N'
16:59:03 [https-jsse-nio-8446-exec-10] [DEBUG] c.e.d.b.m.B.selectBoardDetail[line: 137] - ==> Parameters: 
16:59:03 [https-jsse-nio-8446-exec-10] [DEBUG] c.e.d.b.m.B.selectBoardDetail[line: 137] - <==      Total: 1
16:59:07 [https-jsse-nio-8446-exec-7] [DEBUG] c.e.d.b.m.BoardMapper.selectBoard[line: 137] - ==>  Preparing: select * from board where board_deleted = 'N'
16:59:07 [https-jsse-nio-8446-exec-7] [DEBUG] c.e.d.b.m.BoardMapper.selectBoard[line: 137] - ==> Parameters: 
16:59:07 [https-jsse-nio-8446-exec-7] [DEBUG] c.e.d.b.m.BoardMapper.selectBoard[line: 137] - <==      Total: 20
16:59:12 [https-jsse-nio-8446-exec-4] [DEBUG] c.e.d.b.m.BoardMapper.updateBoardSeq[line: 137] - ==>  Preparing: update board_seq set seq =(select seq +1 from (select seq from board_seq)tmp)
16:59:12 [https-jsse-nio-8446-exec-4] [DEBUG] c.e.d.b.m.BoardMapper.updateBoardSeq[line: 137] - ==> Parameters: 
16:59:12 [https-jsse-nio-8446-exec-4] [DEBUG] c.e.d.b.m.BoardMapper.updateBoardSeq[line: 137] - <==    Updates: 1
16:59:12 [https-jsse-nio-8446-exec-4] [DEBUG] c.e.d.b.m.BoardMapper.insertBoard[line: 137] - ==>  Preparing: insert into board values ((select seq from board_seq) , ?, ?, ?, sysdate(), 'N')
16:59:12 [https-jsse-nio-8446-exec-4] [DEBUG] c.e.d.b.m.BoardMapper.insertBoard[line: 137] - ==> Parameters: 24(String), 24(String), 333(String)
16:59:12 [https-jsse-nio-8446-exec-4] [DEBUG] c.e.d.b.m.BoardMapper.insertBoard[line: 137] - <==    Updates: 1
16:59:12 [https-jsse-nio-8446-exec-1] [DEBUG] c.e.d.b.m.BoardMapper.selectBoard[line: 137] - ==>  Preparing: select * from board where board_deleted = 'N'
16:59:12 [https-jsse-nio-8446-exec-1] [DEBUG] c.e.d.b.m.BoardMapper.selectBoard[line: 137] - ==> Parameters: 
16:59:12 [https-jsse-nio-8446-exec-1] [DEBUG] c.e.d.b.m.BoardMapper.selectBoard[line: 137] - <==      Total: 21
16:59:48 [RMI TCP Connection(9)-127.0.0.1] [INFO ] o.s.b.a.SpringApplicationAdminMXBeanRegistrar$SpringApplicationAdmin[line: 159] - Application shutdown requested.
16:59:48 [RMI TCP Connection(9)-127.0.0.1] [INFO ] com.zaxxer.hikari.HikariDataSource[line: 350] - HikariPool-1 - Shutdown initiated...
16:59:48 [RMI TCP Connection(9)-127.0.0.1] [INFO ] com.zaxxer.hikari.HikariDataSource[line: 352] - HikariPool-1 - Shutdown completed.
17:01:51 [restartedMain] [INFO ] c.example.demo.ApiserverApplication[line: 55] - Starting ApiserverApplication using Java 11.0.13 on DESKTOP-R60F8GN with PID 2040 (D:\neighbor\apiserver\bin\main started by USER in D:\neighbor\apiserver)
17:01:51 [restartedMain] [DEBUG] c.example.demo.ApiserverApplication[line: 56] - Running with Spring Boot v2.6.6, Spring v5.3.18
17:01:51 [restartedMain] [INFO ] c.example.demo.ApiserverApplication[line: 640] - No active profile set, falling back to 1 default profile: "default"
17:01:52 [restartedMain] [INFO ] o.s.b.d.e.DevToolsPropertyDefaultsPostProcessor[line: 255] - Devtools property defaults active! Set 'spring.devtools.add-properties' to 'false' to disable
17:01:52 [restartedMain] [INFO ] o.s.b.d.e.DevToolsPropertyDefaultsPostProcessor[line: 255] - For additional web related logging consider setting the 'logging.level.web' property to 'DEBUG'
17:01:54 [restartedMain] [INFO ] o.s.b.w.e.tomcat.TomcatWebServer[line: 108] - Tomcat initialized with port(s): 8446 (https)
17:01:54 [restartedMain] [INFO ] o.a.coyote.http11.Http11NioProtocol[line: 173] - Initializing ProtocolHandler ["https-jsse-nio-8446"]
17:01:54 [restartedMain] [INFO ] o.a.catalina.core.StandardService[line: 173] - Starting service [Tomcat]
17:01:54 [restartedMain] [INFO ] o.a.catalina.core.StandardEngine[line: 173] - Starting Servlet engine: [Apache Tomcat/9.0.60]
17:01:55 [restartedMain] [INFO ] o.a.c.c.C.[Tomcat].[localhost].[/][line: 173] - Initializing Spring embedded WebApplicationContext
17:01:55 [restartedMain] [INFO ] o.s.b.w.s.c.ServletWebServerApplicationContext[line: 290] - Root WebApplicationContext: initialization completed in 3127 ms
17:01:56 [restartedMain] [INFO ] o.s.b.d.a.OptionalLiveReloadServer[line: 58] - LiveReload server is running on port 35729
17:01:56 [restartedMain] [INFO ] o.a.coyote.http11.Http11NioProtocol[line: 173] - Starting ProtocolHandler ["https-jsse-nio-8446"]
17:01:57 [restartedMain] [INFO ] o.s.b.w.e.tomcat.TomcatWebServer[line: 220] - Tomcat started on port(s): 8446 (https) with context path ''
17:01:57 [restartedMain] [INFO ] c.example.demo.ApiserverApplication[line: 61] - Started ApiserverApplication in 7.003 seconds (JVM running for 9.559)
17:02:11 [https-jsse-nio-8446-exec-6] [INFO ] o.a.c.c.C.[Tomcat].[localhost].[/][line: 173] - Initializing Spring DispatcherServlet 'dispatcherServlet'
17:02:11 [https-jsse-nio-8446-exec-6] [INFO ] o.s.web.servlet.DispatcherServlet[line: 525] - Initializing Servlet 'dispatcherServlet'
17:02:11 [https-jsse-nio-8446-exec-6] [INFO ] o.s.web.servlet.DispatcherServlet[line: 547] - Completed initialization in 5 ms
17:02:11 [https-jsse-nio-8446-exec-6] [INFO ] com.zaxxer.hikari.HikariDataSource[line: 110] - HikariPool-1 - Starting...
17:02:12 [https-jsse-nio-8446-exec-6] [INFO ] com.zaxxer.hikari.HikariDataSource[line: 123] - HikariPool-1 - Start completed.
17:02:12 [https-jsse-nio-8446-exec-6] [DEBUG] c.e.d.b.m.BoardMapper.selectBoard[line: 137] - ==>  Preparing: select * from board where board_deleted = 'N'
17:02:12 [https-jsse-nio-8446-exec-6] [DEBUG] c.e.d.b.m.BoardMapper.selectBoard[line: 137] - ==> Parameters: 
17:02:12 [https-jsse-nio-8446-exec-6] [DEBUG] c.e.d.b.m.BoardMapper.selectBoard[line: 137] - <==      Total: 21
17:04:51 [RMI TCP Connection(9)-127.0.0.1] [INFO ] o.s.b.a.SpringApplicationAdminMXBeanRegistrar$SpringApplicationAdmin[line: 159] - Application shutdown requested.
17:04:52 [RMI TCP Connection(9)-127.0.0.1] [INFO ] com.zaxxer.hikari.HikariDataSource[line: 350] - HikariPool-1 - Shutdown initiated...
17:04:52 [RMI TCP Connection(9)-127.0.0.1] [INFO ] com.zaxxer.hikari.HikariDataSource[line: 352] - HikariPool-1 - Shutdown completed.
